<?xml version="1.0" encoding="UTF-8"?>
<!-- Generated by org.testng.reporters.JUnitReportReporter -->
<testsuite hostname="Sushants-MacBook-Air.local" failures="0" tests="2" name="com.rsw.qa.testcases.HomePageTest" time="107.931" errors="0" timestamp="2021-09-04T09:28:20 GMT-04:00" skipped="0">
  <testcase classname="com.rsw.qa.testcases.HomePageTest" name="verifyHomePageTitileText" time="47.195"/>
  <system-out/>
  <testcase classname="com.rsw.qa.testcases.HomePageTest" name="verifyInspectionTabClick" time="60.736"/>
  <system-out/>
</testsuite> <!-- com.rsw.qa.testcases.HomePageTest -->
