<?xml version="1.0" encoding="UTF-8"?>
<!-- Generated by org.testng.reporters.JUnitReportReporter -->
<testsuite hostname="Sushants-MacBook-Air.local" failures="0" tests="1" name="com.rsw.qa.base.BaseClass" time="23.506" errors="0" timestamp="2021-09-01T08:33:01 GMT-04:00" skipped="0">
  <testcase classname="com.rsw.qa.base.BaseClass" name="initilization" time="23.506"/>
  <system-out/>
</testsuite> <!-- com.rsw.qa.base.BaseClass -->
