<?xml version="1.0" encoding="UTF-8"?>
<!-- Generated by org.testng.reporters.JUnitReportReporter -->
<testsuite hostname="Sushants-MacBook-Air.local" failures="0" tests="1" name="com.rsw.qa.testcases.QA" time="0.011" errors="0" timestamp="2021-09-05T14:12:33 GMT-04:00" skipped="0">
  <testcase classname="com.rsw.qa.testcases.QA" name="failedTest" time="0.011"/>
  <system-out/>
</testsuite> <!-- com.rsw.qa.testcases.QA -->
