<?xml version="1.0" encoding="UTF-8"?>
<!-- Generated by org.testng.reporters.JUnitReportReporter -->
<testsuite hostname="Sushants-MacBook-Air.local" failures="0" tests="3" name="com.rsw.qa.testcases.LoginTest" time="83.175" errors="0" timestamp="2021-09-04T09:22:02 GMT-04:00" skipped="0">
  <testcase classname="com.rsw.qa.testcases.LoginTest" name="checkTitleLogin" time="27.513"/>
  <system-out/>
  <testcase classname="com.rsw.qa.testcases.LoginTest" name="checklLogoApplication" time="28.966"/>
  <system-out/>
  <testcase classname="com.rsw.qa.testcases.LoginTest" name="checkContinueButton" time="26.696"/>
  <system-out/>
</testsuite> <!-- com.rsw.qa.testcases.LoginTest -->
