<?xml version="1.0" encoding="UTF-8"?>
<!-- Generated by org.testng.reporters.JUnitReportReporter -->
<testsuite hostname="Sushants-MacBook-Air.local" failures="0" tests="2" name="com.rsw.qa.testcases.PasscodeTestQA" time="53.434" errors="0" timestamp="2021-09-04T09:22:02 GMT-04:00" skipped="0">
  <testcase classname="com.rsw.qa.testcases.PasscodeTestQA" name="verifyGetTitlePasscode" time="25.663"/>
  <system-out/>
  <testcase classname="com.rsw.qa.testcases.PasscodeTestQA" name="verifyEnterPasscode" time="27.771"/>
  <system-out/>
</testsuite> <!-- com.rsw.qa.testcases.PasscodeTestQA -->
